[debug] [2022-12-21T04:27:49.302Z] ----------------------------------------------------------------------
[debug] [2022-12-21T04:27:49.304Z] Command:       C:\Program Files\nodejs\node.exe C:\Users\Redux\AppData\Roaming\npm\node_modules\firebase-tools\lib\bin\firebase.js init
[debug] [2022-12-21T04:27:49.304Z] CLI Version:   11.19.0
[debug] [2022-12-21T04:27:49.304Z] Platform:      win32
[debug] [2022-12-21T04:27:49.304Z] Node Version:  v16.15.1
[debug] [2022-12-21T04:27:49.305Z] Time:          Tue Dec 20 2022 22:27:49 GMT-0600 (Central Standard Time)
[debug] [2022-12-21T04:27:49.305Z] ----------------------------------------------------------------------
[debug] 
[debug] [2022-12-21T04:27:49.308Z] >>> [apiv2][query] GET https://firebase-public.firebaseio.com/cli.json [none]
[debug] [2022-12-21T04:27:49.324Z] > command requires scopes: ["email","openid","https://www.googleapis.com/auth/cloudplatformprojects.readonly","https://www.googleapis.com/auth/firebase","https://www.googleapis.com/auth/cloud-platform"]
[debug] [2022-12-21T04:27:49.324Z] > authorizing via signed-in user (danielaliabdulkarim@gmail.com)
[info] 
     ######## #### ########  ######## ########     ###     ######  ########
     ##        ##  ##     ## ##       ##     ##  ##   ##  ##       ##
     ######    ##  ########  ######   ########  #########  ######  ######
     ##        ##  ##    ##  ##       ##     ## ##     ##       ## ##
     ##       #### ##     ## ######## ########  ##     ##  ######  ########

You're about to initialize a Firebase project in this directory:

  C:\Users\Redux\OneDrive\desktop\Bootcamp\signal-clone

[debug] [2022-12-21T04:27:49.414Z] <<< [apiv2][status] GET https://firebase-public.firebaseio.com/cli.json 200
[debug] [2022-12-21T04:27:49.414Z] <<< [apiv2][body] GET https://firebase-public.firebaseio.com/cli.json {"cloudBuildErrorAfter":1594252800000,"cloudBuildWarnAfter":1590019200000,"defaultNode10After":1594252800000,"minVersion":"3.0.5","node8DeploysDisabledAfter":1613390400000,"node8RuntimeDisabledAfter":1615809600000,"node8WarnAfter":1600128000000}
